Started GET "/" for ::1 at 2016-09-08 12:23:37 -0400
Started GET "/" for ::1 at 2016-09-08 12:23:37 -0400
  [1m[36mActiveRecord::SchemaMigration Load (21.5ms)[0m  [1m[34mSELECT "schema_migrations".* FROM "schema_migrations"[0m
  [1m[36mActiveRecord::SchemaMigration Load (21.2ms)[0m  [1m[34mSELECT "schema_migrations".* FROM "schema_migrations"[0m
Processing by PostsController#index as HTML
Processing by PostsController#index as HTML
  Rendering posts/index.html.erb within layouts/application
  Rendering posts/index.html.erb within layouts/application
  [1m[36mPost Load (21.5ms)[0m  [1m[34mSELECT  "posts".* FROM "posts" LIMIT $1 OFFSET $2[0m  [["LIMIT", 20], ["OFFSET", 0]]
  [1m[36mPost Load (22.7ms)[0m  [1m[34mSELECT  "posts".* FROM "posts" LIMIT $1 OFFSET $2[0m  [["LIMIT", 20], ["OFFSET", 0]]
  Rendered collection of posts/_post.html.erb [20 times] (1.4ms)
  Rendered collection of posts/_post.html.erb [20 times] (0.5ms)
  [1m[35m (3.7ms)[0m  [1m[34mSELECT COUNT(*) FROM "posts"[0m
  [1m[35m (2.3ms)[0m  [1m[34mSELECT COUNT(*) FROM "posts"[0m
  Rendered posts/index.html.erb within layouts/application (989.4ms)
  Rendered posts/index.html.erb within layouts/application (990.3ms)
Completed 200 OK in 2474ms (Views: 2393.3ms | ActiveRecord: 52.3ms)


Completed 200 OK in 2494ms (Views: 2408.8ms | ActiveRecord: 66.8ms)


  [1m[35m (6.5ms)[0m  [1m[34mSELECT pg_try_advisory_lock(7232867470950438660);[0m
  [1m[36mActiveRecord::SchemaMigration Load (0.8ms)[0m  [1m[34mSELECT "schema_migrations".* FROM "schema_migrations"[0m
Migrating to AddImageToPosts (20160908162544)
  [1m[35m (5.9ms)[0m  [1m[35mBEGIN[0m
  [1m[35m (36.6ms)[0m  [1m[35mALTER TABLE "posts" ADD "image_url" character varying[0m
  [1m[35mSQL (27.9ms)[0m  [1m[32mINSERT INTO "schema_migrations" ("version") VALUES ($1) RETURNING "version"[0m  [["version", "20160908162544"]]
  [1m[35m (5.0ms)[0m  [1m[35mCOMMIT[0m
  [1m[36mActiveRecord::InternalMetadata Load (8.0ms)[0m  [1m[34mSELECT  "ar_internal_metadata".* FROM "ar_internal_metadata" WHERE "ar_internal_metadata"."key" = $1 LIMIT $2[0m  [["key", :environment], ["LIMIT", 1]]
  [1m[35m (0.4ms)[0m  [1m[35mBEGIN[0m
  [1m[35m (0.2ms)[0m  [1m[35mCOMMIT[0m
  [1m[35m (0.5ms)[0m  [1m[34mSELECT pg_advisory_unlock(7232867470950438660)[0m
  [1m[36mActiveRecord::SchemaMigration Load (0.3ms)[0m  [1m[34mSELECT "schema_migrations".* FROM "schema_migrations"[0m
  [1m[35m (6.3ms)[0m  [1m[34mSELECT t2.oid::regclass::text AS to_table, a1.attname AS column, a2.attname AS primary_key, c.conname AS name, c.confupdtype AS on_update, c.confdeltype AS on_delete
FROM pg_constraint c
JOIN pg_class t1 ON c.conrelid = t1.oid
JOIN pg_class t2 ON c.confrelid = t2.oid
JOIN pg_attribute a1 ON a1.attnum = c.conkey[1] AND a1.attrelid = t1.oid
JOIN pg_attribute a2 ON a2.attnum = c.confkey[1] AND a2.attrelid = t2.oid
JOIN pg_namespace t3 ON c.connamespace = t3.oid
WHERE c.contype = 'f'
  AND t1.relname = 'posts'
  AND t3.nspname = ANY (current_schemas(false))
ORDER BY c.conname
[0m
  [1m[36mActiveRecord::SchemaMigration Load (0.8ms)[0m  [1m[34mSELECT "schema_migrations".* FROM "schema_migrations"[0m
  [1m[35m (0.3ms)[0m  [1m[34mSELECT "ar_internal_metadata"."value" FROM "ar_internal_metadata" WHERE "ar_internal_metadata"."key" = $1[0m  [["key", :environment]]
  [1m[36mActiveRecord::SchemaMigration Load (0.2ms)[0m  [1m[34mSELECT "schema_migrations".* FROM "schema_migrations"[0m
  [1m[35m (0.2ms)[0m  [1m[34mSELECT "ar_internal_metadata"."value" FROM "ar_internal_metadata" WHERE "ar_internal_metadata"."key" = $1[0m  [["key", :environment]]
  [1m[36mActiveRecord::SchemaMigration Load (0.2ms)[0m  [1m[34mSELECT "schema_migrations".* FROM "schema_migrations"[0m
  [1m[35m (0.2ms)[0m  [1m[34mSELECT "ar_internal_metadata"."value" FROM "ar_internal_metadata" WHERE "ar_internal_metadata"."key" = $1[0m  [["key", :environment]]
  [1m[35m (5054.0ms)[0m  [1m[35mDROP DATABASE IF EXISTS "infinite-scroll_development"[0m
  [1m[36mActiveRecord::SchemaMigration Load (0.7ms)[0m  [1m[34mSELECT "schema_migrations".* FROM "schema_migrations"[0m
  [1m[35m (0.3ms)[0m  [1m[34mSELECT "ar_internal_metadata"."value" FROM "ar_internal_metadata" WHERE "ar_internal_metadata"."key" = $1[0m  [["key", :environment]]
  [1m[36mActiveRecord::SchemaMigration Load (0.2ms)[0m  [1m[34mSELECT "schema_migrations".* FROM "schema_migrations"[0m
  [1m[35m (0.2ms)[0m  [1m[34mSELECT "ar_internal_metadata"."value" FROM "ar_internal_metadata" WHERE "ar_internal_metadata"."key" = $1[0m  [["key", :environment]]
  [1m[36mActiveRecord::SchemaMigration Load (0.2ms)[0m  [1m[34mSELECT "schema_migrations".* FROM "schema_migrations"[0m
  [1m[35m (0.2ms)[0m  [1m[34mSELECT "ar_internal_metadata"."value" FROM "ar_internal_metadata" WHERE "ar_internal_metadata"."key" = $1[0m  [["key", :environment]]
  [1m[35m (158.7ms)[0m  [1m[35mDROP DATABASE IF EXISTS "infinite-scroll_development"[0m
  [1m[35m (145.0ms)[0m  [1m[35mDROP DATABASE IF EXISTS "infinite-scroll_test"[0m
  [1m[35m (42.5ms)[0m  [1m[35mCREATE TABLE "schema_migrations" ("version" character varying PRIMARY KEY)[0m
  [1m[35m (22.6ms)[0m  [1m[35mCREATE TABLE "ar_internal_metadata" ("key" character varying PRIMARY KEY, "value" character varying, "created_at" timestamp NOT NULL, "updated_at" timestamp NOT NULL)[0m
  [1m[35m (2.8ms)[0m  [1m[34mSELECT pg_try_advisory_lock(7232867470950438660);[0m
  [1m[36mActiveRecord::SchemaMigration Load (0.6ms)[0m  [1m[34mSELECT "schema_migrations".* FROM "schema_migrations"[0m
Migrating to CreatePosts (20160903173617)
  [1m[35m (0.3ms)[0m  [1m[35mBEGIN[0m
  [1m[35m (33.2ms)[0m  [1m[35mCREATE TABLE "posts" ("id" serial primary key, "title" text, "body" text, "created_at" timestamp NOT NULL, "updated_at" timestamp NOT NULL)[0m
  [1m[35mSQL (0.8ms)[0m  [1m[32mINSERT INTO "schema_migrations" ("version") VALUES ($1) RETURNING "version"[0m  [["version", "20160903173617"]]
  [1m[35m (5.6ms)[0m  [1m[35mCOMMIT[0m
Migrating to AddImageToPosts (20160908162544)
  [1m[35m (6.4ms)[0m  [1m[35mBEGIN[0m
  [1m[35m (0.5ms)[0m  [1m[35mALTER TABLE "posts" ADD "image_url" character varying[0m
  [1m[35mSQL (0.4ms)[0m  [1m[32mINSERT INTO "schema_migrations" ("version") VALUES ($1) RETURNING "version"[0m  [["version", "20160908162544"]]
  [1m[35m (5.8ms)[0m  [1m[35mCOMMIT[0m
  [1m[36mActiveRecord::InternalMetadata Load (3.5ms)[0m  [1m[34mSELECT  "ar_internal_metadata".* FROM "ar_internal_metadata" WHERE "ar_internal_metadata"."key" = $1 LIMIT $2[0m  [["key", :environment], ["LIMIT", 1]]
  [1m[35m (0.2ms)[0m  [1m[35mBEGIN[0m
  [1m[35mSQL (2.6ms)[0m  [1m[32mINSERT INTO "ar_internal_metadata" ("key", "value", "created_at", "updated_at") VALUES ($1, $2, $3, $4) RETURNING "key"[0m  [["key", "environment"], ["value", "development"], ["created_at", 2016-09-08 16:30:45 UTC], ["updated_at", 2016-09-08 16:30:45 UTC]]
  [1m[35m (3.1ms)[0m  [1m[35mCOMMIT[0m
  [1m[35m (0.6ms)[0m  [1m[34mSELECT pg_advisory_unlock(7232867470950438660)[0m
  [1m[36mActiveRecord::SchemaMigration Load (0.3ms)[0m  [1m[34mSELECT "schema_migrations".* FROM "schema_migrations"[0m
  [1m[35m (6.9ms)[0m  [1m[34mSELECT t2.oid::regclass::text AS to_table, a1.attname AS column, a2.attname AS primary_key, c.conname AS name, c.confupdtype AS on_update, c.confdeltype AS on_delete
FROM pg_constraint c
JOIN pg_class t1 ON c.conrelid = t1.oid
JOIN pg_class t2 ON c.confrelid = t2.oid
JOIN pg_attribute a1 ON a1.attnum = c.conkey[1] AND a1.attrelid = t1.oid
JOIN pg_attribute a2 ON a2.attnum = c.confkey[1] AND a2.attrelid = t2.oid
JOIN pg_namespace t3 ON c.connamespace = t3.oid
WHERE c.contype = 'f'
  AND t1.relname = 'posts'
  AND t3.nspname = ANY (current_schemas(false))
ORDER BY c.conname
[0m
  [1m[36mActiveRecord::SchemaMigration Load (0.5ms)[0m  [1m[34mSELECT "schema_migrations".* FROM "schema_migrations"[0m
  [1m[35m (0.2ms)[0m  [1m[35mBEGIN[0m
  [1m[35mSQL (7.3ms)[0m  [1m[32mINSERT INTO "posts" ("title", "body", "created_at", "updated_at", "image_url") VALUES ($1, $2, $3, $4, $5) RETURNING "id"[0m  [["title", "Poliwhirl"], ["body", "Twee hashtag tacos gentrify photo booth before they sold out vinyl street skateboard."], ["created_at", 2016-09-08 16:30:56 UTC], ["updated_at", 2016-09-08 16:30:56 UTC], ["image_url", "https://robohash.org/utmollitiatempore.png?size=300x300&set=set1"]]
  [1m[35m (6.3ms)[0m  [1m[35mCOMMIT[0m
  [1m[35m (0.2ms)[0m  [1m[35mBEGIN[0m
  [1m[35mSQL (0.5ms)[0m  [1m[32mINSERT INTO "posts" ("title", "body", "created_at", "updated_at", "image_url") VALUES ($1, $2, $3, $4, $5) RETURNING "id"[0m  [["title", "Tentacool"], ["body", "Humblebrag roof typewriter wolf banjo fixie five dollar toast hashtag."], ["created_at", 2016-09-08 16:30:56 UTC], ["updated_at", 2016-09-08 16:30:56 UTC], ["image_url", "https://robohash.org/verodictaminus.png?size=300x300&set=set1"]]
  [1m[35m (5.6ms)[0m  [1m[35mCOMMIT[0m
  [1m[35m (0.2ms)[0m  [1m[35mBEGIN[0m
  [1m[35mSQL (0.4ms)[0m  [1m[32mINSERT INTO "posts" ("title", "body", "created_at", "updated_at", "image_url") VALUES ($1, $2, $3, $4, $5) RETURNING "id"[0m  [["title", "Kabutops"], ["body", "Roof tousled fashion axe 90's distillery hella kinfolk ugh."], ["created_at", 2016-09-08 16:30:56 UTC], ["updated_at", 2016-09-08 16:30:56 UTC], ["image_url", "https://robohash.org/velquivelit.png?size=300x300&set=set1"]]
  [1m[35m (5.9ms)[0m  [1m[35mCOMMIT[0m
  [1m[35m (0.2ms)[0m  [1m[35mBEGIN[0m
  [1m[35mSQL (0.5ms)[0m  [1m[32mINSERT INTO "posts" ("title", "body", "created_at", "updated_at", "image_url") VALUES ($1, $2, $3, $4, $5) RETURNING "id"[0m  [["title", "Charmeleon"], ["body", "Pabst next level tumblr occupy."], ["created_at", 2016-09-08 16:30:56 UTC], ["updated_at", 2016-09-08 16:30:56 UTC], ["image_url", "https://robohash.org/omnisaspernaturquo.png?size=300x300&set=set1"]]
  [1m[35m (6.3ms)[0m  [1m[35mCOMMIT[0m
  [1m[35m (0.2ms)[0m  [1m[35mBEGIN[0m
  [1m[35mSQL (0.5ms)[0m  [1m[32mINSERT INTO "posts" ("title", "body", "created_at", "updated_at", "image_url") VALUES ($1, $2, $3, $4, $5) RETURNING "id"[0m  [["title", "Nidoking"], ["body", "Roof street park celiac thundercats five dollar toast."], ["created_at", 2016-09-08 16:30:56 UTC], ["updated_at", 2016-09-08 16:30:56 UTC], ["image_url", "https://robohash.org/omnisexplicaboporro.png?size=300x300&set=set1"]]
  [1m[35m (6.0ms)[0m  [1m[35mCOMMIT[0m
  [1m[35m (0.7ms)[0m  [1m[35mBEGIN[0m
  [1m[35mSQL (0.5ms)[0m  [1m[32mINSERT INTO "posts" ("title", "body", "created_at", "updated_at", "image_url") VALUES ($1, $2, $3, $4, $5) RETURNING "id"[0m  [["title", "Exeggutor"], ["body", "Vinegar typewriter yr ramps pbr&b listicle sartorial wayfarers brooklyn."], ["created_at", 2016-09-08 16:30:56 UTC], ["updated_at", 2016-09-08 16:30:56 UTC], ["image_url", "https://robohash.org/nemoinsunt.png?size=300x300&set=set1"]]
  [1m[35m (6.2ms)[0m  [1m[35mCOMMIT[0m
  [1m[35m (0.1ms)[0m  [1m[35mBEGIN[0m
  [1m[35mSQL (0.3ms)[0m  [1m[32mINSERT INTO "posts" ("title", "body", "created_at", "updated_at", "image_url") VALUES ($1, $2, $3, $4, $5) RETURNING "id"[0m  [["title", "Gyarados"], ["body", "Chambray bespoke post-ironic craft beer small batch knausgaard bicycle rights."], ["created_at", 2016-09-08 16:30:56 UTC], ["updated_at", 2016-09-08 16:30:56 UTC], ["image_url", "https://robohash.org/quiavelqui.png?size=300x300&set=set1"]]
  [1m[35m (6.2ms)[0m  [1m[35mCOMMIT[0m
  [1m[35m (0.2ms)[0m  [1m[35mBEGIN[0m
  [1m[35mSQL (0.4ms)[0m  [1m[32mINSERT INTO "posts" ("title", "body", "created_at", "updated_at", "image_url") VALUES ($1, $2, $3, $4, $5) RETURNING "id"[0m  [["title", "Nidoqueen"], ["body", "Synth meggings sriracha single-origin coffee knausgaard."], ["created_at", 2016-09-08 16:30:56 UTC], ["updated_at", 2016-09-08 16:30:56 UTC], ["image_url", "https://robohash.org/excepturifacerenihil.png?size=300x300&set=set1"]]
  [1m[35m (5.3ms)[0m  [1m[35mCOMMIT[0m
  [1m[35m (0.2ms)[0m  [1m[35mBEGIN[0m
  [1m[35mSQL (0.4ms)[0m  [1m[32mINSERT INTO "posts" ("title", "body", "created_at", "updated_at", "image_url") VALUES ($1, $2, $3, $4, $5) RETURNING "id"[0m  [["title", "Tangela"], ["body", "Chambray disrupt microdosing kinfolk lumbersexual vegan."], ["created_at", 2016-09-08 16:30:56 UTC], ["updated_at", 2016-09-08 16:30:56 UTC], ["image_url", "https://robohash.org/velitrationeminima.png?size=300x300&set=set1"]]
  [1m[35m (7.0ms)[0m  [1m[35mCOMMIT[0m
  [1m[35m (0.1ms)[0m  [1m[35mBEGIN[0m
  [1m[35mSQL (0.3ms)[0m  [1m[32mINSERT INTO "posts" ("title", "body", "created_at", "updated_at", "image_url") VALUES ($1, $2, $3, $4, $5) RETURNING "id"[0m  [["title", "Aerodactyl"], ["body", "Farm-to-table brooklyn ramps vhs mixtape five dollar toast."], ["created_at", 2016-09-08 16:30:56 UTC], ["updated_at", 2016-09-08 16:30:56 UTC], ["image_url", "https://robohash.org/quoddolorquia.png?size=300x300&set=set1"]]
  [1m[35m (6.0ms)[0m  [1m[35mCOMMIT[0m
  [1m[35m (0.1ms)[0m  [1m[35mBEGIN[0m
  [1m[35mSQL (0.3ms)[0m  [1m[32mINSERT INTO "posts" ("title", "body", "created_at", "updated_at", "image_url") VALUES ($1, $2, $3, $4, $5) RETURNING "id"[0m  [["title", "Weedle"], ["body", "Pork belly everyday mlkshk cray bitters swag gluten-free."], ["created_at", 2016-09-08 16:30:56 UTC], ["updated_at", 2016-09-08 16:30:56 UTC], ["image_url", "https://robohash.org/estblanditiisreiciendis.png?size=300x300&set=set1"]]
  [1m[35m (5.8ms)[0m  [1m[35mCOMMIT[0m
  [1m[35m (0.1ms)[0m  [1m[35mBEGIN[0m
  [1m[35mSQL (0.3ms)[0m  [1m[32mINSERT INTO "posts" ("title", "body", "created_at", "updated_at", "image_url") VALUES ($1, $2, $3, $4, $5) RETURNING "id"[0m  [["title", "Venonat"], ["body", "Bicycle rights selvage bespoke forage lomo."], ["created_at", 2016-09-08 16:30:56 UTC], ["updated_at", 2016-09-08 16:30:56 UTC], ["image_url", "https://robohash.org/etlaboriosamrepellat.png?size=300x300&set=set1"]]
  [1m[35m (5.7ms)[0m  [1m[35mCOMMIT[0m
  [1m[35m (0.2ms)[0m  [1m[35mBEGIN[0m
  [1m[35mSQL (0.3ms)[0m  [1m[32mINSERT INTO "posts" ("title", "body", "created_at", "updated_at", "image_url") VALUES ($1, $2, $3, $4, $5) RETURNING "id"[0m  [["title", "Exeggcute"], ["body", "+1 sustainable deep v helvetica blue bottle polaroid pug tumblr."], ["created_at", 2016-09-08 16:30:56 UTC], ["updated_at", 2016-09-08 16:30:56 UTC], ["image_url", "https://robohash.org/placeatvoluptatumnon.png?size=300x300&set=set1"]]
  [1m[35m (6.2ms)[0m  [1m[35mCOMMIT[0m
  [1m[35m (0.2ms)[0m  [1m[35mBEGIN[0m
  [1m[35mSQL (0.3ms)[0m  [1m[32mINSERT INTO "posts" ("title", "body", "created_at", "updated_at", "image_url") VALUES ($1, $2, $3, $4, $5) RETURNING "id"[0m  [["title", "Porygon"], ["body", "Poutine jean shorts wolf hoodie occupy whatever."], ["created_at", 2016-09-08 16:30:56 UTC], ["updated_at", 2016-09-08 16:30:56 UTC], ["image_url", "https://robohash.org/autemquifacere.png?size=300x300&set=set1"]]
  [1m[35m (6.0ms)[0m  [1m[35mCOMMIT[0m
  [1m[35m (0.2ms)[0m  [1m[35mBEGIN[0m
  [1m[35mSQL (0.5ms)[0m  [1m[32mINSERT INTO "posts" ("title", "body", "created_at", "updated_at", "image_url") VALUES ($1, $2, $3, $4, $5) RETURNING "id"[0m  [["title", "Sandslash"], ["body", "Fixie hammock blog mumblecore."], ["created_at", 2016-09-08 16:30:56 UTC], ["updated_at", 2016-09-08 16:30:56 UTC], ["image_url", "https://robohash.org/suntodiodistinctio.png?size=300x300&set=set1"]]
  [1m[35m (5.6ms)[0m  [1m[35mCOMMIT[0m
  [1m[35m (0.1ms)[0m  [1m[35mBEGIN[0m
  [1m[35mSQL (0.3ms)[0m  [1m[32mINSERT INTO "posts" ("title", "body", "created_at", "updated_at", "image_url") VALUES ($1, $2, $3, $4, $5) RETURNING "id"[0m  [["title", "Wigglytuff"], ["body", "Meh vhs blue bottle shabby chic goth ugh."], ["created_at", 2016-09-08 16:30:56 UTC], ["updated_at", 2016-09-08 16:30:56 UTC], ["image_url", "https://robohash.org/abvoluptasfuga.png?size=300x300&set=set1"]]
  [1m[35m (6.1ms)[0m  [1m[35mCOMMIT[0m
  [1m[35m (0.1ms)[0m  [1m[35mBEGIN[0m
  [1m[35mSQL (1.0ms)[0m  [1m[32mINSERT INTO "posts" ("title", "body", "created_at", "updated_at", "image_url") VALUES ($1, $2, $3, $4, $5) RETURNING "id"[0m  [["title", "Articuno"], ["body", "Franzen brunch before they sold out messenger bag 90's."], ["created_at", 2016-09-08 16:30:56 UTC], ["updated_at", 2016-09-08 16:30:56 UTC], ["image_url", "https://robohash.org/veritatisestunde.png?size=300x300&set=set1"]]
  [1m[35m (5.4ms)[0m  [1m[35mCOMMIT[0m
  [1m[35m (0.2ms)[0m  [1m[35mBEGIN[0m
  [1m[35mSQL (2.1ms)[0m  [1m[32mINSERT INTO "posts" ("title", "body", "created_at", "updated_at", "image_url") VALUES ($1, $2, $3, $4, $5) RETURNING "id"[0m  [["title", "Wartortle"], ["body", "Cronut swag typewriter direct trade fingerstache post-ironic quinoa neutra."], ["created_at", 2016-09-08 16:30:56 UTC], ["updated_at", 2016-09-08 16:30:56 UTC], ["image_url", "https://robohash.org/temporibusoptiorerum.png?size=300x300&set=set1"]]
  [1m[35m (7.3ms)[0m  [1m[35mCOMMIT[0m
  [1m[35m (0.2ms)[0m  [1m[35mBEGIN[0m
  [1m[35mSQL (0.5ms)[0m  [1m[32mINSERT INTO "posts" ("title", "body", "created_at", "updated_at", "image_url") VALUES ($1, $2, $3, $4, $5) RETURNING "id"[0m  [["title", "Farfetch'd"], ["body", "Twee chia ugh umami tumblr meh."], ["created_at", 2016-09-08 16:30:56 UTC], ["updated_at", 2016-09-08 16:30:56 UTC], ["image_url", "https://robohash.org/explicabobeataequasi.png?size=300x300&set=set1"]]
  [1m[35m (6.4ms)[0m  [1m[35mCOMMIT[0m
  [1m[35m (0.1ms)[0m  [1m[35mBEGIN[0m
  [1m[35mSQL (0.8ms)[0m  [1m[32mINSERT INTO "posts" ("title", "body", "created_at", "updated_at", "image_url") VALUES ($1, $2, $3, $4, $5) RETURNING "id"[0m  [["title", "Jolteon"], ["body", "3 wolf moon retro whatever gentrify."], ["created_at", 2016-09-08 16:30:56 UTC], ["updated_at", 2016-09-08 16:30:56 UTC], ["image_url", "https://robohash.org/ullammagnamquo.png?size=300x300&set=set1"]]
  [1m[35m (8.0ms)[0m  [1m[35mCOMMIT[0m
  [1m[35m (0.2ms)[0m  [1m[35mBEGIN[0m
  [1m[35mSQL (0.3ms)[0m  [1m[32mINSERT INTO "posts" ("title", "body", "created_at", "updated_at", "image_url") VALUES ($1, $2, $3, $4, $5) RETURNING "id"[0m  [["title", "Squirtle"], ["body", "Iphone mixtape migas stumptown chillwave small batch."], ["created_at", 2016-09-08 16:30:56 UTC], ["updated_at", 2016-09-08 16:30:56 UTC], ["image_url", "https://robohash.org/sedexercitationemdolor.png?size=300x300&set=set1"]]
  [1m[35m (6.1ms)[0m  [1m[35mCOMMIT[0m
  [1m[35m (0.3ms)[0m  [1m[35mBEGIN[0m
  [1m[35mSQL (0.3ms)[0m  [1m[32mINSERT INTO "posts" ("title", "body", "created_at", "updated_at", "image_url") VALUES ($1, $2, $3, $4, $5) RETURNING "id"[0m  [["title", "Scyther"], ["body", "Tofu 90's humblebrag put a bird on it beard blog green juice jean shorts."], ["created_at", 2016-09-08 16:30:56 UTC], ["updated_at", 2016-09-08 16:30:56 UTC], ["image_url", "https://robohash.org/molestiaedoloremdoloremque.png?size=300x300&set=set1"]]
  [1m[35m (5.8ms)[0m  [1m[35mCOMMIT[0m
  [1m[35m (0.2ms)[0m  [1m[35mBEGIN[0m
  [1m[35mSQL (0.3ms)[0m  [1m[32mINSERT INTO "posts" ("title", "body", "created_at", "updated_at", "image_url") VALUES ($1, $2, $3, $4, $5) RETURNING "id"[0m  [["title", "Arcanine"], ["body", "You probably haven't heard of them pickled hammock pork belly."], ["created_at", 2016-09-08 16:30:56 UTC], ["updated_at", 2016-09-08 16:30:56 UTC], ["image_url", "https://robohash.org/amolestiasaccusantium.png?size=300x300&set=set1"]]
  [1m[35m (5.6ms)[0m  [1m[35mCOMMIT[0m
  [1m[35m (0.1ms)[0m  [1m[35mBEGIN[0m
  [1m[35mSQL (0.3ms)[0m  [1m[32mINSERT INTO "posts" ("title", "body", "created_at", "updated_at", "image_url") VALUES ($1, $2, $3, $4, $5) RETURNING "id"[0m  [["title", "Mr."], ["body", "Seitan aesthetic etsy keffiyeh gastropub carry craft beer letterpress street."], ["created_at", 2016-09-08 16:30:56 UTC], ["updated_at", 2016-09-08 16:30:56 UTC], ["image_url", "https://robohash.org/exnamet.png?size=300x300&set=set1"]]
  [1m[35m (6.3ms)[0m  [1m[35mCOMMIT[0m
  [1m[35m (0.1ms)[0m  [1m[35mBEGIN[0m
  [1m[35mSQL (0.4ms)[0m  [1m[32mINSERT INTO "posts" ("title", "body", "created_at", "updated_at", "image_url") VALUES ($1, $2, $3, $4, $5) RETURNING "id"[0m  [["title", "Bulbasaur"], ["body", "Neutra ugh viral mixtape synth chambray."], ["created_at", 2016-09-08 16:30:56 UTC], ["updated_at", 2016-09-08 16:30:56 UTC], ["image_url", "https://robohash.org/nostrumomnisin.png?size=300x300&set=set1"]]
  [1m[35m (5.3ms)[0m  [1m[35mCOMMIT[0m
  [1m[35m (0.1ms)[0m  [1m[35mBEGIN[0m
  [1m[35mSQL (0.3ms)[0m  [1m[32mINSERT INTO "posts" ("title", "body", "created_at", "updated_at", "image_url") VALUES ($1, $2, $3, $4, $5) RETURNING "id"[0m  [["title", "Alakazam"], ["body", "Cold-pressed pbr&b microdosing iphone raw denim."], ["created_at", 2016-09-08 16:30:56 UTC], ["updated_at", 2016-09-08 16:30:56 UTC], ["image_url", "https://robohash.org/quinamtemporibus.png?size=300x300&set=set1"]]
  [1m[35m (2.0ms)[0m  [1m[35mCOMMIT[0m
  [1m[35m (0.1ms)[0m  [1m[35mBEGIN[0m
  [1m[35mSQL (0.4ms)[0m  [1m[32mINSERT INTO "posts" ("title", "body", "created_at", "updated_at", "image_url") VALUES ($1, $2, $3, $4, $5) RETURNING "id"[0m  [["title", "Rhyhorn"], ["body", "Swag williamsburg vhs kale chips fashion axe tote bag."], ["created_at", 2016-09-08 16:30:56 UTC], ["updated_at", 2016-09-08 16:30:56 UTC], ["image_url", "https://robohash.org/saepeanimidolor.png?size=300x300&set=set1"]]
  [1m[35m (2.0ms)[0m  [1m[35mCOMMIT[0m
  [1m[35m (0.1ms)[0m  [1m[35mBEGIN[0m
  [1m[35mSQL (0.3ms)[0m  [1m[32mINSERT INTO "posts" ("title", "body", "created_at", "updated_at", "image_url") VALUES ($1, $2, $3, $4, $5) RETURNING "id"[0m  [["title", "Tentacool"], ["body", "Distillery sartorial yr keffiyeh cliche ennui synth kogi tattooed."], ["created_at", 2016-09-08 16:30:56 UTC], ["updated_at", 2016-09-08 16:30:56 UTC], ["image_url", "https://robohash.org/animiassumendaharum.png?size=300x300&set=set1"]]
  [1m[35m (2.1ms)[0m  [1m[35mCOMMIT[0m
  [1m[35m (0.4ms)[0m  [1m[35mBEGIN[0m
  [1m[35mSQL (0.3ms)[0m  [1m[32mINSERT INTO "posts" ("title", "body", "created_at", "updated_at", "image_url") VALUES ($1, $2, $3, $4, $5) RETURNING "id"[0m  [["title", "Zubat"], ["body", "Banjo synth helvetica truffaut tote bag everyday cold-pressed."], ["created_at", 2016-09-08 16:30:56 UTC], ["updated_at", 2016-09-08 16:30:56 UTC], ["image_url", "https://robohash.org/evenieteteaque.png?size=300x300&set=set1"]]
  [1m[35m (2.0ms)[0m  [1m[35mCOMMIT[0m
  [1m[35m (0.1ms)[0m  [1m[35mBEGIN[0m
  [1m[35mSQL (0.3ms)[0m  [1m[32mINSERT INTO "posts" ("title", "body", "created_at", "updated_at", "image_url") VALUES ($1, $2, $3, $4, $5) RETURNING "id"[0m  [["title", "Tentacool"], ["body", "Chambray goth deep v distillery everyday franzen."], ["created_at", 2016-09-08 16:30:56 UTC], ["updated_at", 2016-09-08 16:30:56 UTC], ["image_url", "https://robohash.org/suscipitquorem.png?size=300x300&set=set1"]]
  [1m[35m (4.6ms)[0m  [1m[35mCOMMIT[0m
  [1m[35m (0.1ms)[0m  [1m[35mBEGIN[0m
  [1m[35mSQL (0.3ms)[0m  [1m[32mINSERT INTO "posts" ("title", "body", "created_at", "updated_at", "image_url") VALUES ($1, $2, $3, $4, $5) RETURNING "id"[0m  [["title", "Arcanine"], ["body", "Narwhal swag biodiesel distillery sustainable shabby chic normcore occupy knausgaard."], ["created_at", 2016-09-08 16:30:56 UTC], ["updated_at", 2016-09-08 16:30:56 UTC], ["image_url", "https://robohash.org/quisearumodio.png?size=300x300&set=set1"]]
  [1m[35m (2.0ms)[0m  [1m[35mCOMMIT[0m
  [1m[35m (0.1ms)[0m  [1m[35mBEGIN[0m
  [1m[35mSQL (0.3ms)[0m  [1m[32mINSERT INTO "posts" ("title", "body", "created_at", "updated_at", "image_url") VALUES ($1, $2, $3, $4, $5) RETURNING "id"[0m  [["title", "Poliwhirl"], ["body", "Stumptown twee salvia bitters literally aesthetic ramps."], ["created_at", 2016-09-08 16:30:56 UTC], ["updated_at", 2016-09-08 16:30:56 UTC], ["image_url", "https://robohash.org/autdistinctionobis.png?size=300x300&set=set1"]]
  [1m[35m (2.1ms)[0m  [1m[35mCOMMIT[0m
  [1m[35m (0.1ms)[0m  [1m[35mBEGIN[0m
  [1m[35mSQL (0.3ms)[0m  [1m[32mINSERT INTO "posts" ("title", "body", "created_at", "updated_at", "image_url") VALUES ($1, $2, $3, $4, $5) RETURNING "id"[0m  [["title", "Diglett"], ["body", "Tilde blue bottle kogi literally taxidermy."], ["created_at", 2016-09-08 16:30:56 UTC], ["updated_at", 2016-09-08 16:30:56 UTC], ["image_url", "https://robohash.org/quasidoloremexcepturi.png?size=300x300&set=set1"]]
  [1m[35m (1.9ms)[0m  [1m[35mCOMMIT[0m
  [1m[35m (0.1ms)[0m  [1m[35mBEGIN[0m
  [1m[35mSQL (0.3ms)[0m  [1m[32mINSERT INTO "posts" ("title", "body", "created_at", "updated_at", "image_url") VALUES ($1, $2, $3, $4, $5) RETURNING "id"[0m  [["title", "Gastly"], ["body", "Iphone gastropub keffiyeh mustache hashtag normcore migas kale chips cornhole."], ["created_at", 2016-09-08 16:30:56 UTC], ["updated_at", 2016-09-08 16:30:56 UTC], ["image_url", "https://robohash.org/earumminimamaxime.png?size=300x300&set=set1"]]
  [1m[35m (2.2ms)[0m  [1m[35mCOMMIT[0m
  [1m[35m (0.1ms)[0m  [1m[35mBEGIN[0m
  [1m[35mSQL (0.3ms)[0m  [1m[32mINSERT INTO "posts" ("title", "body", "created_at", "updated_at", "image_url") VALUES ($1, $2, $3, $4, $5) RETURNING "id"[0m  [["title", "Articuno"], ["body", "Cardigan park post-ironic tofu twee plaid tousled yr."], ["created_at", 2016-09-08 16:30:56 UTC], ["updated_at", 2016-09-08 16:30:56 UTC], ["image_url", "https://robohash.org/fugiatrerumperspiciatis.png?size=300x300&set=set1"]]
  [1m[35m (2.1ms)[0m  [1m[35mCOMMIT[0m
  [1m[35m (0.1ms)[0m  [1m[35mBEGIN[0m
  [1m[35mSQL (0.3ms)[0m  [1m[32mINSERT INTO "posts" ("title", "body", "created_at", "updated_at", "image_url") VALUES ($1, $2, $3, $4, $5) RETURNING "id"[0m  [["title", "Machop"], ["body", "Roof shoreditch poutine typewriter whatever."], ["created_at", 2016-09-08 16:30:56 UTC], ["updated_at", 2016-09-08 16:30:56 UTC], ["image_url", "https://robohash.org/nonundelabore.png?size=300x300&set=set1"]]
  [1m[35m (5.5ms)[0m  [1m[35mCOMMIT[0m
  [1m[35m (0.2ms)[0m  [1m[35mBEGIN[0m
  [1m[35mSQL (0.6ms)[0m  [1m[32mINSERT INTO "posts" ("title", "body", "created_at", "updated_at", "image_url") VALUES ($1, $2, $3, $4, $5) RETURNING "id"[0m  [["title", "Snorlax"], ["body", "Wolf fixie slow-carb bicycle rights 90's."], ["created_at", 2016-09-08 16:30:56 UTC], ["updated_at", 2016-09-08 16:30:56 UTC], ["image_url", "https://robohash.org/doloremquequidolore.png?size=300x300&set=set1"]]
  [1m[35m (6.4ms)[0m  [1m[35mCOMMIT[0m
  [1m[35m (0.2ms)[0m  [1m[35mBEGIN[0m
  [1m[35mSQL (0.6ms)[0m  [1m[32mINSERT INTO "posts" ("title", "body", "created_at", "updated_at", "image_url") VALUES ($1, $2, $3, $4, $5) RETURNING "id"[0m  [["title", "Dragonite"], ["body", "Fixie chambray slow-carb dreamcatcher flannel readymade."], ["created_at", 2016-09-08 16:30:56 UTC], ["updated_at", 2016-09-08 16:30:56 UTC], ["image_url", "https://robohash.org/dolordoloresdicta.png?size=300x300&set=set1"]]
  [1m[35m (5.4ms)[0m  [1m[35mCOMMIT[0m
  [1m[35m (0.2ms)[0m  [1m[35mBEGIN[0m
  [1m[35mSQL (0.5ms)[0m  [1m[32mINSERT INTO "posts" ("title", "body", "created_at", "updated_at", "image_url") VALUES ($1, $2, $3, $4, $5) RETURNING "id"[0m  [["title", "Ponyta"], ["body", "Kinfolk vhs pbr&b craft beer narwhal five dollar toast shoreditch cronut."], ["created_at", 2016-09-08 16:30:56 UTC], ["updated_at", 2016-09-08 16:30:56 UTC], ["image_url", "https://robohash.org/quiinexercitationem.png?size=300x300&set=set1"]]
  [1m[35m (5.9ms)[0m  [1m[35mCOMMIT[0m
  [1m[35m (0.2ms)[0m  [1m[35mBEGIN[0m
  [1m[35mSQL (0.5ms)[0m  [1m[32mINSERT INTO "posts" ("title", "body", "created_at", "updated_at", "image_url") VALUES ($1, $2, $3, $4, $5) RETURNING "id"[0m  [["title", "Pidgeot"], ["body", "Literally messenger bag intelligentsia banjo fashion axe brooklyn pabst."], ["created_at", 2016-09-08 16:30:56 UTC], ["updated_at", 2016-09-08 16:30:56 UTC], ["image_url", "https://robohash.org/innostrumperspiciatis.png?size=300x300&set=set1"]]
  [1m[35m (6.3ms)[0m  [1m[35mCOMMIT[0m
  [1m[35m (0.2ms)[0m  [1m[35mBEGIN[0m
  [1m[35mSQL (0.5ms)[0m  [1m[32mINSERT INTO "posts" ("title", "body", "created_at", "updated_at", "image_url") VALUES ($1, $2, $3, $4, $5) RETURNING "id"[0m  [["title", "Rattata"], ["body", "Franzen goth shabby chic flannel brunch."], ["created_at", 2016-09-08 16:30:56 UTC], ["updated_at", 2016-09-08 16:30:56 UTC], ["image_url", "https://robohash.org/estomnisdolor.png?size=300x300&set=set1"]]
  [1m[35m (5.4ms)[0m  [1m[35mCOMMIT[0m
  [1m[35m (0.2ms)[0m  [1m[35mBEGIN[0m
  [1m[35mSQL (0.5ms)[0m  [1m[32mINSERT INTO "posts" ("title", "body", "created_at", "updated_at", "image_url") VALUES ($1, $2, $3, $4, $5) RETURNING "id"[0m  [["title", "Pidgeot"], ["body", "Poutine sartorial truffaut meditation squid bushwick fanny pack."], ["created_at", 2016-09-08 16:30:56 UTC], ["updated_at", 2016-09-08 16:30:56 UTC], ["image_url", "https://robohash.org/quiautcorrupti.png?size=300x300&set=set1"]]
  [1m[35m (6.2ms)[0m  [1m[35mCOMMIT[0m
  [1m[35m (0.2ms)[0m  [1m[35mBEGIN[0m
  [1m[35mSQL (0.5ms)[0m  [1m[32mINSERT INTO "posts" ("title", "body", "created_at", "updated_at", "image_url") VALUES ($1, $2, $3, $4, $5) RETURNING "id"[0m  [["title", "Rapidash"], ["body", "Franzen whatever deep v bitters vice sriracha neutra."], ["created_at", 2016-09-08 16:30:56 UTC], ["updated_at", 2016-09-08 16:30:56 UTC], ["image_url", "https://robohash.org/rerumdoloremaut.png?size=300x300&set=set1"]]
  [1m[35m (5.9ms)[0m  [1m[35mCOMMIT[0m
  [1m[35m (0.2ms)[0m  [1m[35mBEGIN[0m
  [1m[35mSQL (1.0ms)[0m  [1m[32mINSERT INTO "posts" ("title", "body", "created_at", "updated_at", "image_url") VALUES ($1, $2, $3, $4, $5) RETURNING "id"[0m  [["title", "Vulpix"], ["body", "Brunch actually williamsburg cliche try-hard."], ["created_at", 2016-09-08 16:30:56 UTC], ["updated_at", 2016-09-08 16:30:56 UTC], ["image_url", "https://robohash.org/accusamusdoloreut.png?size=300x300&set=set1"]]
  [1m[35m (5.8ms)[0m  [1m[35mCOMMIT[0m
  [1m[35m (0.2ms)[0m  [1m[35mBEGIN[0m
  [1m[35mSQL (0.7ms)[0m  [1m[32mINSERT INTO "posts" ("title", "body", "created_at", "updated_at", "image_url") VALUES ($1, $2, $3, $4, $5) RETURNING "id"[0m  [["title", "Vaporeon"], ["body", "Whatever cray bespoke pitchfork photo booth."], ["created_at", 2016-09-08 16:30:56 UTC], ["updated_at", 2016-09-08 16:30:56 UTC], ["image_url", "https://robohash.org/etpariaturanimi.png?size=300x300&set=set1"]]
  [1m[35m (6.4ms)[0m  [1m[35mCOMMIT[0m
  [1m[35m (0.2ms)[0m  [1m[35mBEGIN[0m
  [1m[35mSQL (0.5ms)[0m  [1m[32mINSERT INTO "posts" ("title", "body", "created_at", "updated_at", "image_url") VALUES ($1, $2, $3, $4, $5) RETURNING "id"[0m  [["title", "Nidorina"], ["body", "Kinfolk 8-bit sriracha ugh echo."], ["created_at", 2016-09-08 16:30:56 UTC], ["updated_at", 2016-09-08 16:30:56 UTC], ["image_url", "https://robohash.org/saepedebitisquas.png?size=300x300&set=set1"]]
  [1m[35m (5.6ms)[0m  [1m[35mCOMMIT[0m
  [1m[35m (0.2ms)[0m  [1m[35mBEGIN[0m
  [1m[35mSQL (0.4ms)[0m  [1m[32mINSERT INTO "posts" ("title", "body", "created_at", "updated_at", "image_url") VALUES ($1, $2, $3, $4, $5) RETURNING "id"[0m  [["title", "Golem"], ["body", "Health vinyl beard flexitarian single-origin coffee raw denim."], ["created_at", 2016-09-08 16:30:56 UTC], ["updated_at", 2016-09-08 16:30:56 UTC], ["image_url", "https://robohash.org/voluptatemvelitaperiam.png?size=300x300&set=set1"]]
  [1m[35m (6.2ms)[0m  [1m[35mCOMMIT[0m
  [1m[35m (0.2ms)[0m  [1m[35mBEGIN[0m
  [1m[35mSQL (0.5ms)[0m  [1m[32mINSERT INTO "posts" ("title", "body", "created_at", "updated_at", "image_url") VALUES ($1, $2, $3, $4, $5) RETURNING "id"[0m  [["title", "Marowak"], ["body", "Put a bird on it iphone banh mi plaid pour-over paleo bespoke raw denim disrupt."], ["created_at", 2016-09-08 16:30:56 UTC], ["updated_at", 2016-09-08 16:30:56 UTC], ["image_url", "https://robohash.org/voluptatibuslaboreaspernatur.png?size=300x300&set=set1"]]
  [1m[35m (5.9ms)[0m  [1m[35mCOMMIT[0m
  [1m[35m (0.2ms)[0m  [1m[35mBEGIN[0m
  [1m[35mSQL (0.4ms)[0m  [1m[32mINSERT INTO "posts" ("title", "body", "created_at", "updated_at", "image_url") VALUES ($1, $2, $3, $4, $5) RETURNING "id"[0m  [["title", "Pikachu"], ["body", "Next level +1 forage put a bird on it retro bitters deep v."], ["created_at", 2016-09-08 16:30:56 UTC], ["updated_at", 2016-09-08 16:30:56 UTC], ["image_url", "https://robohash.org/dictavoluptasdolor.png?size=300x300&set=set1"]]
  [1m[35m (6.3ms)[0m  [1m[35mCOMMIT[0m
  [1m[35m (0.1ms)[0m  [1m[35mBEGIN[0m
  [1m[35mSQL (0.3ms)[0m  [1m[32mINSERT INTO "posts" ("title", "body", "created_at", "updated_at", "image_url") VALUES ($1, $2, $3, $4, $5) RETURNING "id"[0m  [["title", "Charmeleon"], ["body", "Actually vhs retro chia stumptown."], ["created_at", 2016-09-08 16:30:56 UTC], ["updated_at", 2016-09-08 16:30:56 UTC], ["image_url", "https://robohash.org/moditemporequi.png?size=300x300&set=set1"]]
  [1m[35m (6.5ms)[0m  [1m[35mCOMMIT[0m
  [1m[35m (0.1ms)[0m  [1m[35mBEGIN[0m
  [1m[35mSQL (0.3ms)[0m  [1m[32mINSERT INTO "posts" ("title", "body", "created_at", "updated_at", "image_url") VALUES ($1, $2, $3, $4, $5) RETURNING "id"[0m  [["title", "Parasect"], ["body", "Umami tumblr try-hard butcher."], ["created_at", 2016-09-08 16:30:56 UTC], ["updated_at", 2016-09-08 16:30:56 UTC], ["image_url", "https://robohash.org/ducimusesthic.png?size=300x300&set=set1"]]
  [1m[35m (5.9ms)[0m  [1m[35mCOMMIT[0m
  [1m[35m (0.2ms)[0m  [1m[35mBEGIN[0m
  [1m[35mSQL (0.4ms)[0m  [1m[32mINSERT INTO "posts" ("title", "body", "created_at", "updated_at", "image_url") VALUES ($1, $2, $3, $4, $5) RETURNING "id"[0m  [["title", "Electabuzz"], ["body", "Etsy letterpress venmo tilde +1 distillery hella salvia."], ["created_at", 2016-09-08 16:30:56 UTC], ["updated_at", 2016-09-08 16:30:56 UTC], ["image_url", "https://robohash.org/etodioaperiam.png?size=300x300&set=set1"]]
  [1m[35m (6.2ms)[0m  [1m[35mCOMMIT[0m
  [1m[35m (0.1ms)[0m  [1m[35mBEGIN[0m
  [1m[35mSQL (0.4ms)[0m  [1m[32mINSERT INTO "posts" ("title", "body", "created_at", "updated_at", "image_url") VALUES ($1, $2, $3, $4, $5) RETURNING "id"[0m  [["title", "Shellder"], ["body", "Helvetica farm-to-table freegan typewriter seitan truffaut distillery kickstarter pinterest."], ["created_at", 2016-09-08 16:30:56 UTC], ["updated_at", 2016-09-08 16:30:56 UTC], ["image_url", "https://robohash.org/etnobisfacilis.png?size=300x300&set=set1"]]
  [1m[35m (6.1ms)[0m  [1m[35mCOMMIT[0m
  [1m[35m (0.1ms)[0m  [1m[35mBEGIN[0m
  [1m[35mSQL (1.3ms)[0m  [1m[32mINSERT INTO "posts" ("title", "body", "created_at", "updated_at", "image_url") VALUES ($1, $2, $3, $4, $5) RETURNING "id"[0m  [["title", "Metapod"], ["body", "Semiotics iphone next level kitsch bespoke selvage roof."], ["created_at", 2016-09-08 16:30:56 UTC], ["updated_at", 2016-09-08 16:30:56 UTC], ["image_url", "https://robohash.org/ipsumcupiditatefuga.png?size=300x300&set=set1"]]
  [1m[35m (6.2ms)[0m  [1m[35mCOMMIT[0m
  [1m[35m (0.2ms)[0m  [1m[35mBEGIN[0m
  [1m[35mSQL (0.3ms)[0m  [1m[32mINSERT INTO "posts" ("title", "body", "created_at", "updated_at", "image_url") VALUES ($1, $2, $3, $4, $5) RETURNING "id"[0m  [["title", "Jolteon"], ["body", "Kitsch put a bird on it crucifix migas before they sold out."], ["created_at", 2016-09-08 16:30:56 UTC], ["updated_at", 2016-09-08 16:30:56 UTC], ["image_url", "https://robohash.org/modirepellendustempora.png?size=300x300&set=set1"]]
  [1m[35m (5.7ms)[0m  [1m[35mCOMMIT[0m
  [1m[35m (0.4ms)[0m  [1m[35mBEGIN[0m
  [1m[35mSQL (0.4ms)[0m  [1m[32mINSERT INTO "posts" ("title", "body", "created_at", "updated_at", "image_url") VALUES ($1, $2, $3, $4, $5) RETURNING "id"[0m  [["title", "Slowbro"], ["body", "Ugh letterpress aesthetic butcher bespoke taxidermy slow-carb."], ["created_at", 2016-09-08 16:30:56 UTC], ["updated_at", 2016-09-08 16:30:56 UTC], ["image_url", "https://robohash.org/quiseligendiet.png?size=300x300&set=set1"]]
  [1m[35m (6.0ms)[0m  [1m[35mCOMMIT[0m
  [1m[35m (0.2ms)[0m  [1m[35mBEGIN[0m
  [1m[35mSQL (0.4ms)[0m  [1m[32mINSERT INTO "posts" ("title", "body", "created_at", "updated_at", "image_url") VALUES ($1, $2, $3, $4, $5) RETURNING "id"[0m  [["title", "Persian"], ["body", "Tattooed hoodie trust fund drinking cardigan vinyl."], ["created_at", 2016-09-08 16:30:56 UTC], ["updated_at", 2016-09-08 16:30:56 UTC], ["image_url", "https://robohash.org/ullamesseut.png?size=300x300&set=set1"]]
  [1m[35m (5.6ms)[0m  [1m[35mCOMMIT[0m
  [1m[35m (0.1ms)[0m  [1m[35mBEGIN[0m
  [1m[35mSQL (0.3ms)[0m  [1m[32mINSERT INTO "posts" ("title", "body", "created_at", "updated_at", "image_url") VALUES ($1, $2, $3, $4, $5) RETURNING "id"[0m  [["title", "Pidgey"], ["body", "Sriracha kombucha fashion axe shoreditch before they sold out."], ["created_at", 2016-09-08 16:30:56 UTC], ["updated_at", 2016-09-08 16:30:56 UTC], ["image_url", "https://robohash.org/voluptatemvelitid.png?size=300x300&set=set1"]]
  [1m[35m (5.6ms)[0m  [1m[35mCOMMIT[0m
  [1m[35m (0.3ms)[0m  [1m[35mBEGIN[0m
  [1m[35mSQL (0.6ms)[0m  [1m[32mINSERT INTO "posts" ("title", "body", "created_at", "updated_at", "image_url") VALUES ($1, $2, $3, $4, $5) RETURNING "id"[0m  [["title", "Kadabra"], ["body", "Flexitarian vhs salvia pickled."], ["created_at", 2016-09-08 16:30:56 UTC], ["updated_at", 2016-09-08 16:30:56 UTC], ["image_url", "https://robohash.org/natusofficiaquia.png?size=300x300&set=set1"]]
  [1m[35m (5.9ms)[0m  [1m[35mCOMMIT[0m
  [1m[35m (0.2ms)[0m  [1m[35mBEGIN[0m
  [1m[35mSQL (0.5ms)[0m  [1m[32mINSERT INTO "posts" ("title", "body", "created_at", "updated_at", "image_url") VALUES ($1, $2, $3, $4, $5) RETURNING "id"[0m  [["title", "Seadra"], ["body", "Jean shorts chia paleo mixtape tattooed vinyl everyday."], ["created_at", 2016-09-08 16:30:56 UTC], ["updated_at", 2016-09-08 16:30:56 UTC], ["image_url", "https://robohash.org/distinctiovelreprehenderit.png?size=300x300&set=set1"]]
  [1m[35m (6.3ms)[0m  [1m[35mCOMMIT[0m
  [1m[35m (0.2ms)[0m  [1m[35mBEGIN[0m
  [1m[35mSQL (0.3ms)[0m  [1m[32mINSERT INTO "posts" ("title", "body", "created_at", "updated_at", "image_url") VALUES ($1, $2, $3, $4, $5) RETURNING "id"[0m  [["title", "Onix"], ["body", "Cornhole biodiesel tumblr trust fund migas flannel park 90's."], ["created_at", 2016-09-08 16:30:56 UTC], ["updated_at", 2016-09-08 16:30:56 UTC], ["image_url", "https://robohash.org/sedducimuset.png?size=300x300&set=set1"]]
  [1m[35m (5.7ms)[0m  [1m[35mCOMMIT[0m
  [1m[35m (0.2ms)[0m  [1m[35mBEGIN[0m
  [1m[35mSQL (0.3ms)[0m  [1m[32mINSERT INTO "posts" ("title", "body", "created_at", "updated_at", "image_url") VALUES ($1, $2, $3, $4, $5) RETURNING "id"[0m  [["title", "Magikarp"], ["body", "Sriracha sustainable taxidermy iphone raw denim tacos."], ["created_at", 2016-09-08 16:30:56 UTC], ["updated_at", 2016-09-08 16:30:56 UTC], ["image_url", "https://robohash.org/nullalaboriosamfugiat.png?size=300x300&set=set1"]]
  [1m[35m (5.7ms)[0m  [1m[35mCOMMIT[0m
  [1m[35m (0.2ms)[0m  [1m[35mBEGIN[0m
  [1m[35mSQL (0.3ms)[0m  [1m[32mINSERT INTO "posts" ("title", "body", "created_at", "updated_at", "image_url") VALUES ($1, $2, $3, $4, $5) RETURNING "id"[0m  [["title", "Krabby"], ["body", "Freegan gentrify wayfarers vinyl cleanse selvage franzen church-key kinfolk."], ["created_at", 2016-09-08 16:30:56 UTC], ["updated_at", 2016-09-08 16:30:56 UTC], ["image_url", "https://robohash.org/ipsamquodeleniti.png?size=300x300&set=set1"]]
  [1m[35m (5.6ms)[0m  [1m[35mCOMMIT[0m
  [1m[35m (0.2ms)[0m  [1m[35mBEGIN[0m
  [1m[35mSQL (0.3ms)[0m  [1m[32mINSERT INTO "posts" ("title", "body", "created_at", "updated_at", "image_url") VALUES ($1, $2, $3, $4, $5) RETURNING "id"[0m  [["title", "Dugtrio"], ["body", "Kogi small batch health cronut lomo."], ["created_at", 2016-09-08 16:30:56 UTC], ["updated_at", 2016-09-08 16:30:56 UTC], ["image_url", "https://robohash.org/maximequivelit.png?size=300x300&set=set1"]]
  [1m[35m (6.1ms)[0m  [1m[35mCOMMIT[0m
  [1m[35m (0.1ms)[0m  [1m[35mBEGIN[0m
  [1m[35mSQL (0.3ms)[0m  [1m[32mINSERT INTO "posts" ("title", "body", "created_at", "updated_at", "image_url") VALUES ($1, $2, $3, $4, $5) RETURNING "id"[0m  [["title", "Metapod"], ["body", "Polaroid ethical humblebrag food truck actually hella sustainable taxidermy single-origin coffee."], ["created_at", 2016-09-08 16:30:56 UTC], ["updated_at", 2016-09-08 16:30:56 UTC], ["image_url", "https://robohash.org/rerumfacerevitae.png?size=300x300&set=set1"]]
  [1m[35m (6.4ms)[0m  [1m[35mCOMMIT[0m
  [1m[35m (0.2ms)[0m  [1m[35mBEGIN[0m
  [1m[35mSQL (0.3ms)[0m  [1m[32mINSERT INTO "posts" ("title", "body", "created_at", "updated_at", "image_url") VALUES ($1, $2, $3, $4, $5) RETURNING "id"[0m  [["title", "Diglett"], ["body", "You probably haven't heard of them farm-to-table echo schlitz sustainable direct trade."], ["created_at", 2016-09-08 16:30:56 UTC], ["updated_at", 2016-09-08 16:30:56 UTC], ["image_url", "https://robohash.org/fugaquisrerum.png?size=300x300&set=set1"]]
  [1m[35m (6.3ms)[0m  [1m[35mCOMMIT[0m
  [1m[35m (0.1ms)[0m  [1m[35mBEGIN[0m
  [1m[35mSQL (0.3ms)[0m  [1m[32mINSERT INTO "posts" ("title", "body", "created_at", "updated_at", "image_url") VALUES ($1, $2, $3, $4, $5) RETURNING "id"[0m  [["title", "Poliwhirl"], ["body", "You probably haven't heard of them wes anderson green juice migas."], ["created_at", 2016-09-08 16:30:56 UTC], ["updated_at", 2016-09-08 16:30:56 UTC], ["image_url", "https://robohash.org/atqueutqui.png?size=300x300&set=set1"]]
  [1m[35m (6.0ms)[0m  [1m[35mCOMMIT[0m
  [1m[35m (0.1ms)[0m  [1m[35mBEGIN[0m
  [1m[35mSQL (0.3ms)[0m  [1m[32mINSERT INTO "posts" ("title", "body", "created_at", "updated_at", "image_url") VALUES ($1, $2, $3, $4, $5) RETURNING "id"[0m  [["title", "Sandshrew"], ["body", "Kickstarter retro yolo umami."], ["created_at", 2016-09-08 16:30:56 UTC], ["updated_at", 2016-09-08 16:30:56 UTC], ["image_url", "https://robohash.org/aliasutnumquam.png?size=300x300&set=set1"]]
  [1m[35m (5.6ms)[0m  [1m[35mCOMMIT[0m
  [1m[35m (0.1ms)[0m  [1m[35mBEGIN[0m
  [1m[35mSQL (0.3ms)[0m  [1m[32mINSERT INTO "posts" ("title", "body", "created_at", "updated_at", "image_url") VALUES ($1, $2, $3, $4, $5) RETURNING "id"[0m  [["title", "Clefairy"], ["body", "Mustache tumblr vhs salvia."], ["created_at", 2016-09-08 16:30:56 UTC], ["updated_at", 2016-09-08 16:30:56 UTC], ["image_url", "https://robohash.org/explicabositaperiam.png?size=300x300&set=set1"]]
  [1m[35m (5.9ms)[0m  [1m[35mCOMMIT[0m
  [1m[35m (0.2ms)[0m  [1m[35mBEGIN[0m
  [1m[35mSQL (0.3ms)[0m  [1m[32mINSERT INTO "posts" ("title", "body", "created_at", "updated_at", "image_url") VALUES ($1, $2, $3, $4, $5) RETURNING "id"[0m  [["title", "Venonat"], ["body", "Stumptown bespoke tacos poutine ramps skateboard."], ["created_at", 2016-09-08 16:30:56 UTC], ["updated_at", 2016-09-08 16:30:56 UTC], ["image_url", "https://robohash.org/estexplicabonisi.png?size=300x300&set=set1"]]
  [1m[35m (5.6ms)[0m  [1m[35mCOMMIT[0m
  [1m[35m (0.1ms)[0m  [1m[35mBEGIN[0m
  [1m[35mSQL (0.3ms)[0m  [1m[32mINSERT INTO "posts" ("title", "body", "created_at", "updated_at", "image_url") VALUES ($1, $2, $3, $4, $5) RETURNING "id"[0m  [["title", "Porygon"], ["body", "Chicharrones art party wes anderson thundercats banjo kombucha etsy trust fund poutine."], ["created_at", 2016-09-08 16:30:56 UTC], ["updated_at", 2016-09-08 16:30:56 UTC], ["image_url", "https://robohash.org/cupiditateipsamodio.png?size=300x300&set=set1"]]
  [1m[35m (5.4ms)[0m  [1m[35mCOMMIT[0m
  [1m[35m (0.1ms)[0m  [1m[35mBEGIN[0m
  [1m[35mSQL (0.3ms)[0m  [1m[32mINSERT INTO "posts" ("title", "body", "created_at", "updated_at", "image_url") VALUES ($1, $2, $3, $4, $5) RETURNING "id"[0m  [["title", "Oddish"], ["body", "Lo-fi banjo meggings raw denim occupy butcher cleanse try-hard bicycle rights."], ["created_at", 2016-09-08 16:30:56 UTC], ["updated_at", 2016-09-08 16:30:56 UTC], ["image_url", "https://robohash.org/perferendisetratione.png?size=300x300&set=set1"]]
  [1m[35m (6.1ms)[0m  [1m[35mCOMMIT[0m
  [1m[35m (0.1ms)[0m  [1m[35mBEGIN[0m
  [1m[35mSQL (0.4ms)[0m  [1m[32mINSERT INTO "posts" ("title", "body", "created_at", "updated_at", "image_url") VALUES ($1, $2, $3, $4, $5) RETURNING "id"[0m  [["title", "Vulpix"], ["body", "Tofu 3 wolf moon cray try-hard marfa master."], ["created_at", 2016-09-08 16:30:56 UTC], ["updated_at", 2016-09-08 16:30:56 UTC], ["image_url", "https://robohash.org/doloremutrerum.png?size=300x300&set=set1"]]
  [1m[35m (5.6ms)[0m  [1m[35mCOMMIT[0m
  [1m[35m (0.1ms)[0m  [1m[35mBEGIN[0m
  [1m[35mSQL (0.4ms)[0m  [1m[32mINSERT INTO "posts" ("title", "body", "created_at", "updated_at", "image_url") VALUES ($1, $2, $3, $4, $5) RETURNING "id"[0m  [["title", "Nidorino"], ["body", "Synth 90's microdosing skateboard mumblecore kinfolk pop-up trust fund."], ["created_at", 2016-09-08 16:30:56 UTC], ["updated_at", 2016-09-08 16:30:56 UTC], ["image_url", "https://robohash.org/etvelitperferendis.png?size=300x300&set=set1"]]
  [1m[35m (6.1ms)[0m  [1m[35mCOMMIT[0m
  [1m[35m (0.1ms)[0m  [1m[35mBEGIN[0m
  [1m[35mSQL (0.3ms)[0m  [1m[32mINSERT INTO "posts" ("title", "body", "created_at", "updated_at", "image_url") VALUES ($1, $2, $3, $4, $5) RETURNING "id"[0m  [["title", "Abra"], ["body", "Fashion axe vegan yolo kickstarter helvetica salvia ramps."], ["created_at", 2016-09-08 16:30:56 UTC], ["updated_at", 2016-09-08 16:30:56 UTC], ["image_url", "https://robohash.org/rerumquisquamrerum.png?size=300x300&set=set1"]]
  [1m[35m (6.2ms)[0m  [1m[35mCOMMIT[0m
  [1m[35m (0.1ms)[0m  [1m[35mBEGIN[0m
  [1m[35mSQL (0.3ms)[0m  [1m[32mINSERT INTO "posts" ("title", "body", "created_at", "updated_at", "image_url") VALUES ($1, $2, $3, $4, $5) RETURNING "id"[0m  [["title", "Abra"], ["body", "Intelligentsia vinyl lumbersexual salvia umami."], ["created_at", 2016-09-08 16:30:56 UTC], ["updated_at", 2016-09-08 16:30:56 UTC], ["image_url", "https://robohash.org/ettotamveniam.png?size=300x300&set=set1"]]
  [1m[35m (6.1ms)[0m  [1m[35mCOMMIT[0m
  [1m[35m (0.2ms)[0m  [1m[35mBEGIN[0m
  [1m[35mSQL (0.3ms)[0m  [1m[32mINSERT INTO "posts" ("title", "body", "created_at", "updated_at", "image_url") VALUES ($1, $2, $3, $4, $5) RETURNING "id"[0m  [["title", "Ponyta"], ["body", "Diy you probably haven't heard of them irony plaid humblebrag."], ["created_at", 2016-09-08 16:30:56 UTC], ["updated_at", 2016-09-08 16:30:56 UTC], ["image_url", "https://robohash.org/maioresnatusnesciunt.png?size=300x300&set=set1"]]
  [1m[35m (5.4ms)[0m  [1m[35mCOMMIT[0m
  [1m[35m (0.1ms)[0m  [1m[35mBEGIN[0m
  [1m[35mSQL (0.3ms)[0m  [1m[32mINSERT INTO "posts" ("title", "body", "created_at", "updated_at", "image_url") VALUES ($1, $2, $3, $4, $5) RETURNING "id"[0m  [["title", "Metapod"], ["body", "Kogi art party echo williamsburg banh mi."], ["created_at", 2016-09-08 16:30:57 UTC], ["updated_at", 2016-09-08 16:30:57 UTC], ["image_url", "https://robohash.org/autatea.png?size=300x300&set=set1"]]
  [1m[35m (6.2ms)[0m  [1m[35mCOMMIT[0m
  [1m[35m (0.1ms)[0m  [1m[35mBEGIN[0m
  [1m[35mSQL (0.3ms)[0m  [1m[32mINSERT INTO "posts" ("title", "body", "created_at", "updated_at", "image_url") VALUES ($1, $2, $3, $4, $5) RETURNING "id"[0m  [["title", "Venonat"], ["body", "8-bit crucifix drinking kickstarter vinegar pop-up skateboard."], ["created_at", 2016-09-08 16:30:57 UTC], ["updated_at", 2016-09-08 16:30:57 UTC], ["image_url", "https://robohash.org/eacumquecum.png?size=300x300&set=set1"]]
  [1m[35m (6.3ms)[0m  [1m[35mCOMMIT[0m
  [1m[35m (0.1ms)[0m  [1m[35mBEGIN[0m
  [1m[35mSQL (0.5ms)[0m  [1m[32mINSERT INTO "posts" ("title", "body", "created_at", "updated_at", "image_url") VALUES ($1, $2, $3, $4, $5) RETURNING "id"[0m  [["title", "Wartortle"], ["body", "Portland slow-carb kickstarter ramps truffaut semiotics mumblecore marfa cleanse."], ["created_at", 2016-09-08 16:30:57 UTC], ["updated_at", 2016-09-08 16:30:57 UTC], ["image_url", "https://robohash.org/exercitationemipsumfugit.png?size=300x300&set=set1"]]
  [1m[35m (5.9ms)[0m  [1m[35mCOMMIT[0m
  [1m[35m (0.1ms)[0m  [1m[35mBEGIN[0m
  [1m[35mSQL (0.3ms)[0m  [1m[32mINSERT INTO "posts" ("title", "body", "created_at", "updated_at", "image_url") VALUES ($1, $2, $3, $4, $5) RETURNING "id"[0m  [["title", "Hitmonchan"], ["body", "Try-hard poutine williamsburg banh mi wolf brunch goth farm-to-table."], ["created_at", 2016-09-08 16:30:57 UTC], ["updated_at", 2016-09-08 16:30:57 UTC], ["image_url", "https://robohash.org/delectussuntmaxime.png?size=300x300&set=set1"]]
  [1m[35m (6.1ms)[0m  [1m[35mCOMMIT[0m
  [1m[35m (0.2ms)[0m  [1m[35mBEGIN[0m
  [1m[35mSQL (0.4ms)[0m  [1m[32mINSERT INTO "posts" ("title", "body", "created_at", "updated_at", "image_url") VALUES ($1, $2, $3, $4, $5) RETURNING "id"[0m  [["title", "Muk"], ["body", "Park freegan health forage carry 8-bit pbr&b."], ["created_at", 2016-09-08 16:30:57 UTC], ["updated_at", 2016-09-08 16:30:57 UTC], ["image_url", "https://robohash.org/vitaeautemtemporibus.png?size=300x300&set=set1"]]
  [1m[35m (5.8ms)[0m  [1m[35mCOMMIT[0m
  [1m[35m (0.1ms)[0m  [1m[35mBEGIN[0m
  [1m[35mSQL (0.3ms)[0m  [1m[32mINSERT INTO "posts" ("title", "body", "created_at", "updated_at", "image_url") VALUES ($1, $2, $3, $4, $5) RETURNING "id"[0m  [["title", "Marowak"], ["body", "Park keffiyeh leggings cliche craft beer cold-pressed."], ["created_at", 2016-09-08 16:30:57 UTC], ["updated_at", 2016-09-08 16:30:57 UTC], ["image_url", "https://robohash.org/nonsitamet.png?size=300x300&set=set1"]]
  [1m[35m (7.9ms)[0m  [1m[35mCOMMIT[0m
  [1m[35m (0.2ms)[0m  [1m[35mBEGIN[0m
  [1m[35mSQL (0.4ms)[0m  [1m[32mINSERT INTO "posts" ("title", "body", "created_at", "updated_at", "image_url") VALUES ($1, $2, $3, $4, $5) RETURNING "id"[0m  [["title", "Voltorb"], ["body", "Gentrify roof austin migas humblebrag godard neutra gastropub narwhal."], ["created_at", 2016-09-08 16:30:57 UTC], ["updated_at", 2016-09-08 16:30:57 UTC], ["image_url", "https://robohash.org/corruptideseruntquia.png?size=300x300&set=set1"]]
  [1m[35m (6.5ms)[0m  [1m[35mCOMMIT[0m
  [1m[35m (0.2ms)[0m  [1m[35mBEGIN[0m
  [1m[35mSQL (0.4ms)[0m  [1m[32mINSERT INTO "posts" ("title", "body", "created_at", "updated_at", "image_url") VALUES ($1, $2, $3, $4, $5) RETURNING "id"[0m  [["title", "Nidoran"], ["body", "Mixtape everyday pbr&b kickstarter aesthetic single-origin coffee listicle direct trade."], ["created_at", 2016-09-08 16:30:57 UTC], ["updated_at", 2016-09-08 16:30:57 UTC], ["image_url", "https://robohash.org/suntnonin.png?size=300x300&set=set1"]]
  [1m[35m (5.7ms)[0m  [1m[35mCOMMIT[0m
  [1m[35m (0.2ms)[0m  [1m[35mBEGIN[0m
  [1m[35mSQL (0.5ms)[0m  [1m[32mINSERT INTO "posts" ("title", "body", "created_at", "updated_at", "image_url") VALUES ($1, $2, $3, $4, $5) RETURNING "id"[0m  [["title", "Victreebel"], ["body", "Tote bag diy neutra gentrify pinterest everyday fixie you probably haven't heard of them pug."], ["created_at", 2016-09-08 16:30:57 UTC], ["updated_at", 2016-09-08 16:30:57 UTC], ["image_url", "https://robohash.org/verovelitconsequatur.png?size=300x300&set=set1"]]
  [1m[35m (12.1ms)[0m  [1m[35mCOMMIT[0m
  [1m[35m (0.1ms)[0m  [1m[35mBEGIN[0m
  [1m[35mSQL (0.5ms)[0m  [1m[32mINSERT INTO "posts" ("title", "body", "created_at", "updated_at", "image_url") VALUES ($1, $2, $3, $4, $5) RETURNING "id"[0m  [["title", "Kadabra"], ["body", "Sustainable paleo hammock chambray actually polaroid health."], ["created_at", 2016-09-08 16:30:57 UTC], ["updated_at", 2016-09-08 16:30:57 UTC], ["image_url", "https://robohash.org/isteassumendaaut.png?size=300x300&set=set1"]]
  [1m[35m (3.3ms)[0m  [1m[35mCOMMIT[0m
  [1m[35m (0.2ms)[0m  [1m[35mBEGIN[0m
  [1m[35mSQL (0.8ms)[0m  [1m[32mINSERT INTO "posts" ("title", "body", "created_at", "updated_at", "image_url") VALUES ($1, $2, $3, $4, $5) RETURNING "id"[0m  [["title", "Dodrio"], ["body", "Chia chicharrones next level tattooed mixtape."], ["created_at", 2016-09-08 16:30:57 UTC], ["updated_at", 2016-09-08 16:30:57 UTC], ["image_url", "https://robohash.org/autvoluptatelaboriosam.png?size=300x300&set=set1"]]
  [1m[35m (10.7ms)[0m  [1m[35mCOMMIT[0m
  [1m[35m (0.1ms)[0m  [1m[35mBEGIN[0m
  [1m[35mSQL (0.3ms)[0m  [1m[32mINSERT INTO "posts" ("title", "body", "created_at", "updated_at", "image_url") VALUES ($1, $2, $3, $4, $5) RETURNING "id"[0m  [["title", "Sandslash"], ["body", "Park loko etsy gastropub carry."], ["created_at", 2016-09-08 16:30:57 UTC], ["updated_at", 2016-09-08 16:30:57 UTC], ["image_url", "https://robohash.org/expeditaeaquevel.png?size=300x300&set=set1"]]
  [1m[35m (6.3ms)[0m  [1m[35mCOMMIT[0m
  [1m[35m (0.1ms)[0m  [1m[35mBEGIN[0m
  [1m[35mSQL (0.3ms)[0m  [1m[32mINSERT INTO "posts" ("title", "body", "created_at", "updated_at", "image_url") VALUES ($1, $2, $3, $4, $5) RETURNING "id"[0m  [["title", "Haunter"], ["body", "Shoreditch asymmetrical park kinfolk vhs polaroid retro."], ["created_at", 2016-09-08 16:30:57 UTC], ["updated_at", 2016-09-08 16:30:57 UTC], ["image_url", "https://robohash.org/etquasillum.png?size=300x300&set=set1"]]
  [1m[35m (11.7ms)[0m  [1m[35mCOMMIT[0m
  [1m[35m (0.1ms)[0m  [1m[35mBEGIN[0m
  [1m[35mSQL (0.3ms)[0m  [1m[32mINSERT INTO "posts" ("title", "body", "created_at", "updated_at", "image_url") VALUES ($1, $2, $3, $4, $5) RETURNING "id"[0m  [["title", "Squirtle"], ["body", "Williamsburg neutra craft beer meggings seitan farm-to-table knausgaard slow-carb."], ["created_at", 2016-09-08 16:30:57 UTC], ["updated_at", 2016-09-08 16:30:57 UTC], ["image_url", "https://robohash.org/utlaboriosamquaerat.png?size=300x300&set=set1"]]
  [1m[35m (6.2ms)[0m  [1m[35mCOMMIT[0m
  [1m[35m (0.1ms)[0m  [1m[35mBEGIN[0m
  [1m[35mSQL (0.3ms)[0m  [1m[32mINSERT INTO "posts" ("title", "body", "created_at", "updated_at", "image_url") VALUES ($1, $2, $3, $4, $5) RETURNING "id"[0m  [["title", "Growlithe"], ["body", "Actually scenester biodiesel sartorial."], ["created_at", 2016-09-08 16:30:57 UTC], ["updated_at", 2016-09-08 16:30:57 UTC], ["image_url", "https://robohash.org/undeindolore.png?size=300x300&set=set1"]]
  [1m[35m (11.5ms)[0m  [1m[35mCOMMIT[0m
  [1m[35m (0.2ms)[0m  [1m[35mBEGIN[0m
  [1m[35mSQL (0.4ms)[0m  [1m[32mINSERT INTO "posts" ("title", "body", "created_at", "updated_at", "image_url") VALUES ($1, $2, $3, $4, $5) RETURNING "id"[0m  [["title", "Rhydon"], ["body", "Schlitz drinking flannel pickled whatever carry distillery."], ["created_at", 2016-09-08 16:30:57 UTC], ["updated_at", 2016-09-08 16:30:57 UTC], ["image_url", "https://robohash.org/dolordeseruntperferendis.png?size=300x300&set=set1"]]
  [1m[35m (5.9ms)[0m  [1m[35mCOMMIT[0m
  [1m[35m (0.1ms)[0m  [1m[35mBEGIN[0m
  [1m[35mSQL (0.3ms)[0m  [1m[32mINSERT INTO "posts" ("title", "body", "created_at", "updated_at", "image_url") VALUES ($1, $2, $3, $4, $5) RETURNING "id"[0m  [["title", "Golduck"], ["body", "Cold-pressed kitsch kale chips mixtape tofu meggings 90's health."], ["created_at", 2016-09-08 16:30:57 UTC], ["updated_at", 2016-09-08 16:30:57 UTC], ["image_url", "https://robohash.org/velarchitectolaudantium.png?size=300x300&set=set1"]]
  [1m[35m (10.9ms)[0m  [1m[35mCOMMIT[0m
  [1m[35m (0.2ms)[0m  [1m[35mBEGIN[0m
  [1m[35mSQL (0.4ms)[0m  [1m[32mINSERT INTO "posts" ("title", "body", "created_at", "updated_at", "image_url") VALUES ($1, $2, $3, $4, $5) RETURNING "id"[0m  [["title", "Pinsir"], ["body", "Portland shabby chic cray goth iphone asymmetrical."], ["created_at", 2016-09-08 16:30:57 UTC], ["updated_at", 2016-09-08 16:30:57 UTC], ["image_url", "https://robohash.org/quisevenietconsequuntur.png?size=300x300&set=set1"]]
  [1m[35m (6.1ms)[0m  [1m[35mCOMMIT[0m
  [1m[35m (0.1ms)[0m  [1m[35mBEGIN[0m
  [1m[35mSQL (0.4ms)[0m  [1m[32mINSERT INTO "posts" ("title", "body", "created_at", "updated_at", "image_url") VALUES ($1, $2, $3, $4, $5) RETURNING "id"[0m  [["title", "Dewgong"], ["body", "Selfies shabby chic hoodie tacos."], ["created_at", 2016-09-08 16:30:57 UTC], ["updated_at", 2016-09-08 16:30:57 UTC], ["image_url", "https://robohash.org/etperferendisfacere.png?size=300x300&set=set1"]]
  [1m[35m (5.5ms)[0m  [1m[35mCOMMIT[0m
  [1m[35m (0.2ms)[0m  [1m[35mBEGIN[0m
  [1m[35mSQL (0.8ms)[0m  [1m[32mINSERT INTO "posts" ("title", "body", "created_at", "updated_at", "image_url") VALUES ($1, $2, $3, $4, $5) RETURNING "id"[0m  [["title", "Sandshrew"], ["body", "Letterpress mumblecore banh mi iphone kickstarter."], ["created_at", 2016-09-08 16:30:57 UTC], ["updated_at", 2016-09-08 16:30:57 UTC], ["image_url", "https://robohash.org/maximelaboreeveniet.png?size=300x300&set=set1"]]
  [1m[35m (6.1ms)[0m  [1m[35mCOMMIT[0m
  [1m[35m (0.1ms)[0m  [1m[35mBEGIN[0m
  [1m[35mSQL (0.3ms)[0m  [1m[32mINSERT INTO "posts" ("title", "body", "created_at", "updated_at", "image_url") VALUES ($1, $2, $3, $4, $5) RETURNING "id"[0m  [["title", "Machoke"], ["body", "Freegan before they sold out yuccie chillwave hammock."], ["created_at", 2016-09-08 16:30:57 UTC], ["updated_at", 2016-09-08 16:30:57 UTC], ["image_url", "https://robohash.org/blanditiisminusiure.png?size=300x300&set=set1"]]
  [1m[35m (11.3ms)[0m  [1m[35mCOMMIT[0m
  [1m[35m (0.2ms)[0m  [1m[35mBEGIN[0m
  [1m[35mSQL (0.4ms)[0m  [1m[32mINSERT INTO "posts" ("title", "body", "created_at", "updated_at", "image_url") VALUES ($1, $2, $3, $4, $5) RETURNING "id"[0m  [["title", "Zapdos"], ["body", "Selfies narwhal gluten-free pickled letterpress brooklyn meh pabst."], ["created_at", 2016-09-08 16:30:57 UTC], ["updated_at", 2016-09-08 16:30:57 UTC], ["image_url", "https://robohash.org/praesentiuminvoluptates.png?size=300x300&set=set1"]]
  [1m[35m (5.6ms)[0m  [1m[35mCOMMIT[0m
  [1m[35m (0.4ms)[0m  [1m[35mBEGIN[0m
  [1m[35mSQL (0.4ms)[0m  [1m[32mINSERT INTO "posts" ("title", "body", "created_at", "updated_at", "image_url") VALUES ($1, $2, $3, $4, $5) RETURNING "id"[0m  [["title", "Charmeleon"], ["body", "Paleo church-key whatever etsy."], ["created_at", 2016-09-08 16:30:57 UTC], ["updated_at", 2016-09-08 16:30:57 UTC], ["image_url", "https://robohash.org/molestiaequiamet.png?size=300x300&set=set1"]]
  [1m[35m (6.3ms)[0m  [1m[35mCOMMIT[0m
Started GET "/" for ::1 at 2016-09-08 12:31:06 -0400
  [1m[36mActiveRecord::SchemaMigration Load (0.4ms)[0m  [1m[34mSELECT "schema_migrations".* FROM "schema_migrations"[0m
Processing by PostsController#index as HTML
  Rendering posts/index.html.erb within layouts/application
  [1m[36mPost Load (0.7ms)[0m  [1m[34mSELECT  "posts".* FROM "posts" LIMIT $1 OFFSET $2[0m  [["LIMIT", 20], ["OFFSET", 0]]
  Rendered collection of posts/_post.html.erb [20 times] (1.2ms)
  [1m[35m (0.3ms)[0m  [1m[34mSELECT COUNT(*) FROM "posts"[0m
  Rendered posts/index.html.erb within layouts/application (410.4ms)
Completed 200 OK in 890ms (Views: 862.8ms | ActiveRecord: 7.5ms)


Started GET "/" for ::1 at 2016-09-08 12:34:43 -0400
Processing by PostsController#index as HTML
  Rendering posts/index.html.erb within layouts/application
  [1m[36mPost Load (1.9ms)[0m  [1m[34mSELECT  "posts".* FROM "posts" LIMIT $1 OFFSET $2[0m  [["LIMIT", 20], ["OFFSET", 0]]
  Rendered collection of posts/_post.html.erb [20 times] (1.1ms)
  [1m[35m (0.9ms)[0m  [1m[34mSELECT COUNT(*) FROM "posts"[0m
  Rendered posts/index.html.erb within layouts/application (10.6ms)
Completed 200 OK in 82ms (Views: 75.3ms | ActiveRecord: 2.8ms)


Started GET "/" for ::1 at 2016-09-08 12:35:27 -0400
Processing by PostsController#index as HTML
  Rendering posts/index.html.erb within layouts/application
  [1m[36mPost Load (1.2ms)[0m  [1m[34mSELECT  "posts".* FROM "posts" LIMIT $1 OFFSET $2[0m  [["LIMIT", 20], ["OFFSET", 0]]
  Rendered collection of posts/_post.html.erb [20 times] (1.0ms)
  [1m[35m (0.5ms)[0m  [1m[34mSELECT COUNT(*) FROM "posts"[0m
  Rendered posts/index.html.erb within layouts/application (7.8ms)
Completed 200 OK in 37ms (Views: 32.4ms | ActiveRecord: 1.6ms)


Started GET "/" for ::1 at 2016-09-08 12:35:27 -0400
Processing by PostsController#index as HTML
  Rendering posts/index.html.erb within layouts/application
  [1m[36mPost Load (0.4ms)[0m  [1m[34mSELECT  "posts".* FROM "posts" LIMIT $1 OFFSET $2[0m  [["LIMIT", 20], ["OFFSET", 0]]
  Rendered collection of posts/_post.html.erb [20 times] (1.4ms)
  [1m[35m (0.4ms)[0m  [1m[34mSELECT COUNT(*) FROM "posts"[0m
  Rendered posts/index.html.erb within layouts/application (8.9ms)
Completed 200 OK in 39ms (Views: 34.6ms | ActiveRecord: 0.8ms)


Started GET "/" for ::1 at 2016-09-08 12:35:27 -0400
Processing by PostsController#index as HTML
  Rendering posts/index.html.erb within layouts/application
  [1m[36mPost Load (0.6ms)[0m  [1m[34mSELECT  "posts".* FROM "posts" LIMIT $1 OFFSET $2[0m  [["LIMIT", 20], ["OFFSET", 0]]
  Rendered collection of posts/_post.html.erb [20 times] (1.5ms)
  [1m[35m (4.2ms)[0m  [1m[34mSELECT COUNT(*) FROM "posts"[0m
  Rendered posts/index.html.erb within layouts/application (15.9ms)
Completed 200 OK in 70ms (Views: 62.3ms | ActiveRecord: 4.8ms)


Started GET "/" for ::1 at 2016-09-08 12:37:01 -0400
Processing by PostsController#index as HTML
  Rendering posts/index.html.erb within layouts/application
  [1m[36mPost Load (1.3ms)[0m  [1m[34mSELECT  "posts".* FROM "posts" LIMIT $1 OFFSET $2[0m  [["LIMIT", 20], ["OFFSET", 0]]
  Rendered collection of posts/_post.html.erb [20 times] (0.9ms)
  [1m[35m (0.6ms)[0m  [1m[34mSELECT COUNT(*) FROM "posts"[0m
  Rendered posts/index.html.erb within layouts/application (7.8ms)
Completed 200 OK in 33ms (Views: 29.2ms | ActiveRecord: 1.9ms)


Started GET "/" for ::1 at 2016-09-08 12:38:57 -0400
Processing by PostsController#index as HTML
  Rendering posts/index.html.erb within layouts/application
  [1m[36mPost Load (0.6ms)[0m  [1m[34mSELECT  "posts".* FROM "posts" LIMIT $1 OFFSET $2[0m  [["LIMIT", 20], ["OFFSET", 0]]
  Rendered collection of posts/_post.html.erb [20 times] (5.3ms)
  [1m[35m (0.4ms)[0m  [1m[34mSELECT COUNT(*) FROM "posts"[0m
  Rendered posts/index.html.erb within layouts/application (36.2ms)
Completed 200 OK in 173ms (Views: 157.5ms | ActiveRecord: 1.0ms)


Started GET "/" for ::1 at 2016-09-08 12:40:58 -0400
Processing by PostsController#index as HTML
  Rendering posts/index.html.erb within layouts/application
  [1m[36mPost Load (2.2ms)[0m  [1m[34mSELECT  "posts".* FROM "posts" LIMIT $1 OFFSET $2[0m  [["LIMIT", 20], ["OFFSET", 0]]
  Rendered collection of posts/_post.html.erb [20 times] (1.9ms)
  [1m[35m (0.9ms)[0m  [1m[34mSELECT COUNT(*) FROM "posts"[0m
  Rendered posts/index.html.erb within layouts/application (13.6ms)
Completed 200 OK in 232ms (Views: 224.9ms | ActiveRecord: 3.1ms)


Started GET "/" for ::1 at 2016-09-08 12:41:13 -0400
Processing by PostsController#index as HTML
  Rendering posts/index.html.erb within layouts/application
  [1m[36mPost Load (2.2ms)[0m  [1m[34mSELECT  "posts".* FROM "posts" LIMIT $1 OFFSET $2[0m  [["LIMIT", 20], ["OFFSET", 0]]
  Rendered collection of posts/_post.html.erb [20 times] (1.0ms)
  [1m[35m (0.6ms)[0m  [1m[34mSELECT COUNT(*) FROM "posts"[0m
  Rendered posts/index.html.erb within layouts/application (9.6ms)
Completed 200 OK in 59ms (Views: 54.4ms | ActiveRecord: 2.9ms)


Started GET "/" for ::1 at 2016-09-08 12:42:14 -0400
Processing by PostsController#index as HTML
  Rendering posts/index.html.erb within layouts/application
  [1m[36mPost Load (0.7ms)[0m  [1m[34mSELECT  "posts".* FROM "posts" LIMIT $1 OFFSET $2[0m  [["LIMIT", 20], ["OFFSET", 0]]
  Rendered collection of posts/_post.html.erb [20 times] (1.2ms)
  [1m[35m (0.5ms)[0m  [1m[34mSELECT COUNT(*) FROM "posts"[0m
  Rendered posts/index.html.erb within layouts/application (8.5ms)
Completed 200 OK in 85ms (Views: 79.5ms | ActiveRecord: 1.2ms)


Started GET "/" for ::1 at 2016-09-08 12:42:30 -0400
Processing by PostsController#index as HTML
  Rendering posts/index.html.erb within layouts/application
  [1m[36mPost Load (0.5ms)[0m  [1m[34mSELECT  "posts".* FROM "posts" LIMIT $1 OFFSET $2[0m  [["LIMIT", 20], ["OFFSET", 0]]
  Rendered collection of posts/_post.html.erb [20 times] (0.9ms)
  [1m[35m (0.4ms)[0m  [1m[34mSELECT COUNT(*) FROM "posts"[0m
  Rendered posts/index.html.erb within layouts/application (6.1ms)
Completed 200 OK in 47ms (Views: 44.1ms | ActiveRecord: 0.9ms)


Started GET "/" for ::1 at 2016-09-08 12:42:51 -0400
Processing by PostsController#index as HTML
  Rendering posts/index.html.erb within layouts/application
  [1m[36mPost Load (1.6ms)[0m  [1m[34mSELECT  "posts".* FROM "posts" LIMIT $1 OFFSET $2[0m  [["LIMIT", 20], ["OFFSET", 0]]
  Rendered collection of posts/_post.html.erb [20 times] (1.9ms)
  [1m[35m (0.9ms)[0m  [1m[34mSELECT COUNT(*) FROM "posts"[0m
  Rendered posts/index.html.erb within layouts/application (13.1ms)
Completed 200 OK in 80ms (Views: 72.0ms | ActiveRecord: 2.5ms)


Started GET "/" for ::1 at 2016-09-08 12:42:52 -0400
Processing by PostsController#index as HTML
  Rendering posts/index.html.erb within layouts/application
  [1m[36mPost Load (0.4ms)[0m  [1m[34mSELECT  "posts".* FROM "posts" LIMIT $1 OFFSET $2[0m  [["LIMIT", 20], ["OFFSET", 0]]
  Rendered collection of posts/_post.html.erb [20 times] (1.8ms)
  [1m[35m (1.5ms)[0m  [1m[34mSELECT COUNT(*) FROM "posts"[0m
  Rendered posts/index.html.erb within layouts/application (11.4ms)
Completed 200 OK in 103ms (Views: 98.6ms | ActiveRecord: 1.9ms)


